[debug] > Exec(early(addDefaultCommands), None, None)
[debug] > Exec(addDefaultCommands, None, None)
[debug] > Exec(early(initialize), None, None)
[debug] > Exec(initialize, None, None)
[debug] > Exec(early(addPluginSbtFile="""C:\Users\Ukko\AppData\Local\Temp\idea.sbt"""), None, None)
[debug] > Exec(addPluginSbtFile="""C:\Users\Ukko\AppData\Local\Temp\idea.sbt""", None, None)
[debug] > Exec(boot, None, None)
[debug] > Exec(writeSbtVersion, None, None)
[debug] > Exec(reload, None, None)
[debug] > Exec(sbtStashOnFailure, None, None)
[debug] > Exec(onFailure loadFailed, None, None)
[debug] > Exec(loadp, None, None)
[info] welcome to sbt 1.4.7 (AdoptOpenJDK Java 11.0.8)
[debug]       Load.loadUnit: plugins took 61.8079ms
[debug]       Load.loadUnit: defsScala took 0.1712ms
[debug] [Loading] Scanning directory C:\Users\Ukko\.sbt\1.0\plugins
[debug] [Loading] Found non-root projects 
[debug] [Loading] Done in C:\Users\Ukko\.sbt\1.0\plugins, returning: ()
[debug] deducing auto plugins based on known facts Set(Atom(sbt.plugins.CorePlugin)) and clauses Clauses(List(Clause(Atom(sbt.plugins.JvmPlugin),Set(Atom(sbt.plugins.IvyPlugin))), Clause(Atom(sbt.ScriptedPlugin),Set(Atom(sbt.plugins.JvmPlugin))), Clause(Atom(sbt.plugins.SbtPlugin),Set(Atom(sbt.ScriptedPlugin))), Clause(Atom(sbt.plugins.SemanticdbPlugin),Set(Atom(sbt.plugins.JvmPlugin))), Clause(Atom(sbt.plugins.JUnitXmlReportPlugin),Set(Atom(sbt.plugins.JvmPlugin))), Clause(Atom(sbt.plugins.MiniDependencyTreePlugin),Set(Atom(sbt.plugins.JvmPlugin))), Clause(Atom(sbt.plugins.CorePlugin),Set(Atom(sbt.plugins.IvyPlugin))), Clause(Atom(sbt.plugins.IvyPlugin),Set(Atom(sbt.plugins.JvmPlugin))), Clause(Atom(sbt.plugins.JvmPlugin),Set(Atom(sbt.plugins.SemanticdbPlugin))), Clause(Atom(sbt.plugins.JvmPlugin),Set(Atom(sbt.plugins.JUnitXmlReportPlugin))), Clause(Atom(sbt.plugins.CorePlugin),Set(Atom(sbt.plugins.Giter8TemplatePlugin))), Clause(Atom(sbt.plugins.JvmPlugin),Set(Atom(sbt.plugins.MiniDependencyTreePlugin)))))
[debug]   :: deduced result: Matched(sbt.plugins.CorePlugin,sbt.plugins.Giter8TemplatePlugin,sbt.plugins.IvyPlugin,sbt.plugins.JvmPlugin,sbt.plugins.MiniDependencyTreePlugin,sbt.plugins.JUnitXmlReportPlugin,sbt.plugins.SemanticdbPlugin)
[debug] Plugins.deducer#function took 12.7573 ms
[debug]           Load.resolveProject(global-plugins) took 29.953799ms
[debug]         Load.loadTransitive: finalizeProject(Project(id global-plugins, base: C:\Users\Ukko\.sbt\1.0\plugins, plugins: List(<none>))) took 62.970601ms
[debug] [Loading] Done in C:\Users\Ukko\.sbt\1.0\plugins, returning: (global-plugins)
[debug]       Load.loadUnit: loadedProjectsRaw took 75.1906ms
[debug]       Load.loadUnit: cleanEvalClasses took 0.1485ms
[debug]     Load.loadUnit(file:/C:/Users/Ukko/.sbt/1.0/plugins/, ...) took 142.6216ms
[debug]   Load.apply: load took 260.573101ms
[debug]   Load.apply: resolveProjects took 3.8387ms
[debug]   Load.apply: finalTransforms took 36.7106ms
[debug]   Load.apply: config.delegates took 4.512601ms
[debug]   Load.apply: Def.make(settings)... took 461.208601ms
[debug]   Load.apply: structureIndex took 59.8466ms
[debug]   Load.apply: mkStreams took 1.1608ms
[info] loading global plugins from C:\Users\Ukko\.sbt\1.0\plugins
[debug] Running task... Cancel: Signal, check cycles: false, forcegc: true
[debug] Load.defaultLoad until apply took 1712.158801ms
[debug]           Load.loadUnit: plugins took 14.8433ms
[debug]           Load.loadUnit: defsScala took 0.0024ms
[debug] [Loading] Scanning directory C:\Users\Ukko\IdeaProjects\aurinkokunta\project
[debug]             Load.loadUnit: mkEval took 5.130399ms
[debug] [Loading] Found non-root projects 
[debug] [Loading] Done in C:\Users\Ukko\IdeaProjects\aurinkokunta\project, returning: ()
[debug] deducing auto plugins based on known facts Set(Atom(sbt.plugins.CorePlugin)) and clauses Clauses(List(Clause(Atom(sbt.plugins.JvmPlugin),Set(Atom(sbt.plugins.IvyPlugin))), Clause(Atom(sbt.ScriptedPlugin),Set(Atom(sbt.plugins.JvmPlugin))), Clause(Atom(sbt.plugins.SbtPlugin),Set(Atom(sbt.ScriptedPlugin))), Clause(Atom(sbt.plugins.SemanticdbPlugin),Set(Atom(sbt.plugins.JvmPlugin))), Clause(Atom(sbt.plugins.JUnitXmlReportPlugin),Set(Atom(sbt.plugins.JvmPlugin))), Clause(Atom(sbt.plugins.MiniDependencyTreePlugin),Set(Atom(sbt.plugins.JvmPlugin))), Clause(Atom(sbt.plugins.CorePlugin),Set(Atom(sbt.plugins.IvyPlugin))), Clause(Atom(sbt.plugins.IvyPlugin),Set(Atom(sbt.plugins.JvmPlugin))), Clause(Atom(sbt.plugins.JvmPlugin),Set(Atom(sbt.plugins.SemanticdbPlugin))), Clause(Atom(sbt.plugins.JvmPlugin),Set(Atom(sbt.plugins.JUnitXmlReportPlugin))), Clause(Atom(sbt.plugins.CorePlugin),Set(Atom(sbt.plugins.Giter8TemplatePlugin))), Clause(Atom(sbt.plugins.JvmPlugin),Set(Atom(sbt.plugins.MiniDependencyTreePlugin)))))
[debug]   :: deduced result: Matched(sbt.plugins.CorePlugin,sbt.plugins.Giter8TemplatePlugin,sbt.plugins.IvyPlugin,sbt.plugins.JvmPlugin,sbt.plugins.MiniDependencyTreePlugin,sbt.plugins.JUnitXmlReportPlugin,sbt.plugins.SemanticdbPlugin)
[debug] Plugins.deducer#function took 1.43 ms
[info] loading settings for project aurinkokunta-build from idea.sbt ...
[debug]               Load.resolveProject(aurinkokunta-build) took 2.098799ms
[debug]             Load.loadTransitive: finalizeProject(Project(id aurinkokunta-build, base: C:\Users\Ukko\IdeaProjects\aurinkokunta\project, plugins: List(<none>))) took 3.8874ms
[debug] [Loading] Done in C:\Users\Ukko\IdeaProjects\aurinkokunta\project, returning: (aurinkokunta-build)
[debug]           Load.loadUnit: loadedProjectsRaw took 96.7471ms
[debug]           Load.loadUnit: cleanEvalClasses took 2.4753ms
[debug]         Load.loadUnit(file:/C:/Users/Ukko/IdeaProjects/aurinkokunta/project/, ...) took 114.689701ms
[debug]       Load.apply: load took 115.528599ms
[debug]       Load.apply: resolveProjects took 0.065401ms
[debug]       Load.apply: finalTransforms took 5.9554ms
[debug]       Load.apply: config.delegates took 0.288001ms
[debug]       Load.apply: Def.make(settings)... took 52.2113ms
[debug]       Load.apply: structureIndex took 20.952ms
[debug]       Load.apply: mkStreams took 0.003ms
[info] loading project definition from C:\Users\Ukko\IdeaProjects\aurinkokunta\project
[debug] Running task... Cancel: Signal, check cycles: false, forcegc: true
[debug]     Load.loadUnit: plugins took 997.616ms
[debug]     Load.loadUnit: defsScala took 0.0018ms
[debug] [Loading] Scanning directory C:\Users\Ukko\IdeaProjects\aurinkokunta
[debug]       Load.loadUnit: mkEval took 0.148801ms
[debug] [Loading] Found non-root projects 
[debug] [Loading] Done in C:\Users\Ukko\IdeaProjects\aurinkokunta, returning: ()
[debug] deducing auto plugins based on known facts Set(Atom(sbt.plugins.CorePlugin)) and clauses Clauses(List(Clause(Atom(sbt.plugins.JvmPlugin),Set(Atom(sbt.plugins.IvyPlugin))), Clause(Atom(sbt.ScriptedPlugin),Set(Atom(sbt.plugins.JvmPlugin))), Clause(Atom(sbt.plugins.SbtPlugin),Set(Atom(sbt.ScriptedPlugin))), Clause(Atom(sbt.plugins.SemanticdbPlugin),Set(Atom(sbt.plugins.JvmPlugin))), Clause(Atom(sbt.plugins.JUnitXmlReportPlugin),Set(Atom(sbt.plugins.JvmPlugin))), Clause(Atom(sbt.plugins.MiniDependencyTreePlugin),Set(Atom(sbt.plugins.JvmPlugin))), Clause(Atom(org.jetbrains.sbt.StructurePlugin),Set(Atom(sbt.plugins.JvmPlugin))), Clause(Atom(org.jetbrains.sbt.IdeaShellPlugin),Set(Atom(sbt.plugins.JvmPlugin))), Clause(Atom(org.jetbrains.sbt.indices.SbtIntellijIndicesPlugin),Set(Atom(sbt.plugins.JvmPlugin))), Clause(Atom(sbt.plugins.CorePlugin),Set(Atom(sbt.plugins.IvyPlugin))), Clause(Atom(sbt.plugins.IvyPlugin),Set(Atom(sbt.plugins.JvmPlugin))), Clause(Atom(sbt.plugins.JvmPlugin),Set(Atom(sbt.plugins.SemanticdbPlugin))), Clause(Atom(sbt.plugins.JvmPlugin),Set(Atom(sbt.plugins.JUnitXmlReportPlugin))), Clause(Atom(sbt.plugins.CorePlugin),Set(Atom(sbt.plugins.Giter8TemplatePlugin))), Clause(Atom(sbt.plugins.JvmPlugin),Set(Atom(sbt.plugins.MiniDependencyTreePlugin))), Clause(Atom(sbt.plugins.JvmPlugin),Set(Atom(org.jetbrains.sbt.StructurePlugin))), Clause(Atom(sbt.plugins.JvmPlugin),Set(Atom(org.jetbrains.sbt.IdeaShellPlugin))), Clause(And(Set(Atom(sbt.plugins.CorePlugin), Atom(sbt.plugins.JvmPlugin))),Set(Atom(org.jetbrains.sbt.indices.SbtIntellijIndicesPlugin)))))
[debug]   :: deduced result: Matched(sbt.plugins.CorePlugin,sbt.plugins.Giter8TemplatePlugin,sbt.plugins.IvyPlugin,sbt.plugins.JvmPlugin,sbt.plugins.SemanticdbPlugin,org.jetbrains.sbt.indices.SbtIntellijIndicesPlugin,sbt.plugins.JUnitXmlReportPlugin,org.jetbrains.sbt.IdeaShellPlugin,org.jetbrains.sbt.StructurePlugin,sbt.plugins.MiniDependencyTreePlugin)
[debug] Plugins.deducer#function took 1.1189 ms
[info] loading settings for project aurinkokunta from build.sbt ...
[debug]         Load.resolveProject(aurinkokunta) took 21.1182ms
[debug]       Load.loadTransitive: finalizeProject(Project(id aurinkokunta, base: C:\Users\Ukko\IdeaProjects\aurinkokunta, plugins: List(<none>))) took 23.0303ms
[debug] [Loading] Done in C:\Users\Ukko\IdeaProjects\aurinkokunta, returning: (aurinkokunta)
[debug]     Load.loadUnit: loadedProjectsRaw took 1901.642599ms
[debug]     Load.loadUnit: cleanEvalClasses took 15.1112ms
[debug]   Load.loadUnit(file:/C:/Users/Ukko/IdeaProjects/aurinkokunta/, ...) took 2914.8829ms
[debug] Load.apply: load took 2915.966599ms
[debug] Load.apply: resolveProjects took 0.0698ms
[debug] Load.apply: finalTransforms took 16.0674ms
[debug] Load.apply: config.delegates took 0.235399ms
[debug] Load.apply: Def.make(settings)... took 53.335ms
[debug] Load.apply: structureIndex took 17.047599ms
[debug] Load.apply: mkStreams took 0.002999ms
[info] set current project to aurinkokunta (in build file:/C:/Users/Ukko/IdeaProjects/aurinkokunta/)
[debug] > Exec(sbtPopOnFailure, None, None)
[debug] > Exec(resumeFromFailure, None, None)
[debug] > Exec(notifyUsersAboutShell, None, None)
[debug] > Exec(iflast shell, None, None)
[debug] > Exec(; set ideaPort in Global := 62052 ; idea-shell, None, None)
[debug] > Exec(set ideaPort in Global := 62052, None, None)
[info] Defining Global / ideaPort
[info] The new value will be used by Compile / compile, Test / compile
[debug] Defining 
[debug] 	Global / ideaPort
[debug] 
[debug] The new value will be used by 
[debug] 	Compile / compile
[debug] 	Test / compile
[info] Reapplying settings...
[info] set current project to aurinkokunta (in build file:/C:/Users/Ukko/IdeaProjects/aurinkokunta/)
[debug] > Exec(idea-shell, None, None)
